nohup: ignoring input
/home/jovyan/floor/Floor-Overlay/env/lib/python3.10/site-packages/transformers/models/maskformer/feature_extraction_maskformer.py:28: FutureWarning: The class MaskFormerFeatureExtractor is deprecated and will be removed in version 5 of Transformers. Please use MaskFormerImageProcessor instead.
  warnings.warn(
/home/jovyan/floor/Floor-Overlay/env/lib/python3.10/site-packages/transformers/utils/deprecation.py:172: FutureWarning: `max_size` is deprecated and removed starting from version 4.27.0 for `MaskFormerFeatureExtractor.__init__`.
  return func(*args, **kwargs)
/home/jovyan/floor/Floor-Overlay/env/lib/python3.10/site-packages/transformers/utils/deprecation.py:172: UserWarning: The following named arguments are not valid for `MaskFormerFeatureExtractor.__init__` and were ignored: 'feature_extractor_type'
  return func(*args, **kwargs)
Model Successfully Loaded
 * Serving Flask app 'app'
 * Debug mode: on
WARNING: This is a development server. Do not use it in a production deployment. Use a production WSGI server instead.
 * Running on all addresses (0.0.0.0)
 * Running on http://127.0.0.1:5001
 * Running on http://10.0.129.236:5001
Press CTRL+C to quit
 * Restarting with stat
/home/jovyan/floor/Floor-Overlay/env/lib/python3.10/site-packages/transformers/models/maskformer/feature_extraction_maskformer.py:28: FutureWarning: The class MaskFormerFeatureExtractor is deprecated and will be removed in version 5 of Transformers. Please use MaskFormerImageProcessor instead.
  warnings.warn(
/home/jovyan/floor/Floor-Overlay/env/lib/python3.10/site-packages/transformers/utils/deprecation.py:172: FutureWarning: `max_size` is deprecated and removed starting from version 4.27.0 for `MaskFormerFeatureExtractor.__init__`.
  return func(*args, **kwargs)
/home/jovyan/floor/Floor-Overlay/env/lib/python3.10/site-packages/transformers/utils/deprecation.py:172: UserWarning: The following named arguments are not valid for `MaskFormerFeatureExtractor.__init__` and were ignored: 'feature_extractor_type'
  return func(*args, **kwargs)
 * Debugger is active!
 * Debugger PIN: 481-364-875
`label_ids_to_fuse` unset. No instance will be fused.
127.0.0.1 - - [22/Jul/2025 15:55:37] "POST /overlayCarpet HTTP/1.0" 200 -
 * Detected change in '/home/jovyan/floor/Floor-Overlay/app.py', reloading
Model Successfully Loaded
015 Preparing elliptical carpet for transparency...
016 Circle-cropped image saved as JPG to ../Floor-Overlay/temporary/carpet_circle.jpg
016 Center of the ellipse: (112, 111)
016 Horizontally-stretched 3D perspective carpet saved to ../Floor-Overlay/temporary/carpet_ellipse.jpg
Inference done!
8519680
011 Inference completed successfully. Proceeding with texture application...
013 Marked image saved at: ../Floor-Overlay/temporary/marked_masked_image.jpg
014 Black image saved as ../Floor-Overlay/temporary/black_blank_image.jpg with dimensions 1599x899
014 Scaling carpet with dimensions: 8.0ft x 6.0ft
014 Resized image saved as ../Floor-Overlay/temporary/scaled_carpet_image.jpg with dimensions 299x299
014 Image saved as ../Floor-Overlay/temporary/overlayed_carpet.jpg
012 Binary carpet mask saved at: ../Floor-Overlay/temporary/carpet_binary_mask.jpg
015 Applying transparency to the generated 'ellipse' carpet on black background...
015 Final transparent image saved to: ../Floor-Overlay/final_out/transparent_carpet_e_room_803065cb-03f8-4eab-9275-34c65c875862.png
 * Restarting with stat
/home/jovyan/floor/Floor-Overlay/env/lib/python3.10/site-packages/transformers/models/maskformer/feature_extraction_maskformer.py:28: FutureWarning: The class MaskFormerFeatureExtractor is deprecated and will be removed in version 5 of Transformers. Please use MaskFormerImageProcessor instead.
  warnings.warn(
/home/jovyan/floor/Floor-Overlay/env/lib/python3.10/site-packages/transformers/utils/deprecation.py:172: FutureWarning: `max_size` is deprecated and removed starting from version 4.27.0 for `MaskFormerFeatureExtractor.__init__`.
  return func(*args, **kwargs)
/home/jovyan/floor/Floor-Overlay/env/lib/python3.10/site-packages/transformers/utils/deprecation.py:172: UserWarning: The following named arguments are not valid for `MaskFormerFeatureExtractor.__init__` and were ignored: 'feature_extractor_type'
  return func(*args, **kwargs)
